[debug] [2020-01-03T08:20:06.608Z] ----------------------------------------------------------------------
[debug] [2020-01-03T08:20:06.610Z] Command:       /usr/local/bin/node /usr/local/bin/firebase deploy
[debug] [2020-01-03T08:20:06.610Z] CLI Version:   7.11.0
[debug] [2020-01-03T08:20:06.610Z] Platform:      darwin
[debug] [2020-01-03T08:20:06.610Z] Node Version:  v13.3.0
[debug] [2020-01-03T08:20:06.611Z] Time:          Fri Jan 03 2020 03:20:06 GMT-0500 (Eastern Standard Time)
[debug] [2020-01-03T08:20:06.611Z] ----------------------------------------------------------------------
[debug] [2020-01-03T08:20:06.611Z] 
[debug] [2020-01-03T08:20:06.618Z] > command requires scopes: ["email","openid","https://www.googleapis.com/auth/cloudplatformprojects.readonly","https://www.googleapis.com/auth/firebase","https://www.googleapis.com/auth/cloud-platform"]
[debug] [2020-01-03T08:20:06.618Z] > authorizing via signed-in user
[debug] [2020-01-03T08:20:06.618Z] [iam] checking project butterfly-remote-jobs-prod for permissions ["cloudfunctions.functions.create","cloudfunctions.functions.delete","cloudfunctions.functions.get","cloudfunctions.functions.list","cloudfunctions.functions.update","cloudfunctions.operations.get","datastore.indexes.create","datastore.indexes.delete","datastore.indexes.list","datastore.indexes.update","firebase.projects.get","firebasehosting.sites.update","firebaserules.releases.create","firebaserules.releases.update","firebaserules.rulesets.create"]
[debug] [2020-01-03T08:20:06.620Z] >>> HTTP REQUEST POST https://cloudresourcemanager.googleapis.com/v1/projects/butterfly-remote-jobs-prod:testIamPermissions  

[debug] [2020-01-03T08:20:06.903Z] <<< HTTP RESPONSE 200
[debug] [2020-01-03T08:20:06.905Z] >>> HTTP REQUEST GET https://firebase.googleapis.com/v1beta1/projects/butterfly-remote-jobs-prod  
 
[debug] [2020-01-03T08:20:07.111Z] <<< HTTP RESPONSE 200
[info] 
[info] === Deploying to 'butterfly-remote-jobs-prod'...
[info] 
[info] i  deploying storage, firestore, functions, hosting
[info] Running command: npm --prefix "$RESOURCE_DIR" run lint
[info] ✔  functions: Finished running predeploy script.
[info] Running command: npm --prefix "$RESOURCE_DIR/.." run build
[info] ✔  hosting: Finished running predeploy script.
[debug] [2020-01-03T08:20:40.343Z] >>> HTTP REQUEST GET https://appengine.googleapis.com/v1/apps/butterfly-remote-jobs-prod  
 
[debug] [2020-01-03T08:20:40.902Z] <<< HTTP RESPONSE 200
[info] i  firebase.storage: checking storage.rules for compilation errors...
[debug] [2020-01-03T08:20:40.905Z] >>> HTTP REQUEST POST https://firebaserules.googleapis.com/v1/projects/butterfly-remote-jobs-prod:test  

[debug] [2020-01-03T08:20:41.230Z] <<< HTTP RESPONSE 200
[info] ✔  firebase.storage: rules file storage.rules compiled successfully
[info] i  firestore: reading indexes from firestore.indexes.json...
[info] i  cloud.firestore: checking firestore.rules for compilation errors...
[debug] [2020-01-03T08:20:41.233Z] >>> HTTP REQUEST POST https://firebaserules.googleapis.com/v1/projects/butterfly-remote-jobs-prod:test  

[debug] [2020-01-03T08:20:41.498Z] <<< HTTP RESPONSE 200
[info] ✔  cloud.firestore: rules file firestore.rules compiled successfully
[debug] [2020-01-03T08:20:41.499Z] > [functions] package.json contents: {
  "name": "functions",
  "description": "Cloud Functions for Firebase",
  "scripts": {
    "lint": "eslint .",
    "serve": "firebase serve --only functions",
    "shell": "firebase functions:shell",
    "start": "npm run shell",
    "deploy": "firebase deploy --only functions",
    "logs": "firebase functions:log"
  },
  "engines": {
    "node": "8"
  },
  "dependencies": {
    "@sendgrid/mail": "^6.4.0",
    "algoliasearch": "^3.35.1",
    "cors": "^2.8.5",
    "firebase-admin": "^8.6.0",
    "firebase-functions": "^3.3.0",
    "stripe": "^7.14.0"
  },
  "devDependencies": {
    "eslint": "^5.12.0",
    "eslint-plugin-promise": "^4.0.1",
    "firebase-functions-test": "^0.1.6"
  },
  "private": true
}
[info] i  functions: ensuring necessary APIs are enabled...
[debug] [2020-01-03T08:20:41.500Z] >>> HTTP REQUEST GET https://serviceusage.googleapis.com/v1/projects/butterfly-remote-jobs-prod/services/cloudfunctions.googleapis.com  
 
[debug] [2020-01-03T08:20:41.501Z] >>> HTTP REQUEST GET https://serviceusage.googleapis.com/v1/projects/butterfly-remote-jobs-prod/services/runtimeconfig.googleapis.com  
 
[debug] [2020-01-03T08:20:42.026Z] <<< HTTP RESPONSE 200
[debug] [2020-01-03T08:20:42.098Z] <<< HTTP RESPONSE 200
[info] ✔  functions: all necessary APIs are enabled
[debug] [2020-01-03T08:20:42.099Z] >>> HTTP REQUEST GET https://firebase.googleapis.com/v1beta1/projects/butterfly-remote-jobs-prod/adminSdkConfig  
 
[debug] [2020-01-03T08:20:42.344Z] <<< HTTP RESPONSE 200
[debug] [2020-01-03T08:20:42.345Z] >>> HTTP REQUEST POST https://firebasehosting.googleapis.com/v1beta1/sites/butterfly-remote-jobs-prod/versions  

[debug] [2020-01-03T08:20:43.669Z] <<< HTTP RESPONSE 200
[debug] [2020-01-03T08:20:43.671Z] >>> HTTP REQUEST GET https://firebaserules.googleapis.com/v1/projects/butterfly-remote-jobs-prod/releases?pageSize=10&pageToken=  
 
[debug] [2020-01-03T08:20:43.961Z] <<< HTTP RESPONSE 200
[debug] [2020-01-03T08:20:43.962Z] >>> HTTP REQUEST GET https://firebaserules.googleapis.com/v1/projects/butterfly-remote-jobs-prod/rulesets/ea4d1c53-3b42-4902-bd76-8f48a315b296  
 
